<?xml version="1.0" encoding="UTF-8"?>
<!-- Generated by org.testng.reporters.JUnitReportReporter -->
<testsuite hostname="VINOD-PC" failures="0" tests="1" name="SimpliLearn_Assignment.Project_Test_EcommerceApp.CucumberTests.Runner.TestRunner" time="25.931" errors="0" timestamp="2024-05-21T13:29:44 IST" skipped="0">
  <testcase classname="SimpliLearn_Assignment.Project_Test_EcommerceApp.CucumberTests.Runner.TestRunner" name="runScenario" time="25.931"/>
</testsuite> <!-- SimpliLearn_Assignment.Project_Test_EcommerceApp.CucumberTests.Runner.TestRunner -->
